<?xml version="1.0" encoding="UTF-8"?>
<!-- Generated by org.testng.reporters.JUnitReportReporter -->
<testsuite skipped="0" hostname="DESKTOP-RK7A61D" name="TestRunner.LoginTest" tests="1" failures="0" timestamp="2023-01-17T15:36:51 IST" time="0.016" errors="0">
  <testcase name="nain" time="0.016" classname="TestRunner.LoginTest"/>
  <system-out/>
</testsuite> <!-- TestRunner.LoginTest -->
